This file contains any messages produced by compilers while
running configure, to aid debugging if configure makes a mistake.

It was created by configure, which was
generated by GNU Autoconf 2.68.  Invocation command line was

  $ ./configure 

## --------- ##
## Platform. ##
## --------- ##

hostname = viroflay
uname -m = i686
uname -r = 3.2.0-2-686-pae
uname -s = Linux
uname -v = #1 SMP Mon Mar 5 01:59:18 UTC 2012

/usr/bin/uname -p = unknown
/bin/uname -X     = unknown

/bin/arch              = unknown
/usr/bin/arch -k       = unknown
/usr/convex/getsysinfo = unknown
/usr/bin/hostinfo      = unknown
/bin/machine           = unknown
/usr/bin/oslevel       = unknown
/bin/universe          = unknown

PATH: /usr/local/bin
PATH: /usr/bin
PATH: /bin
PATH: /usr/bin/X11
PATH: /usr/games
PATH: /home/piotr/bin
PATH: .
PATH: /sbin
PATH: /usr/sbin
PATH: /usr/local/sbin


## ----------- ##
## Core tests. ##
## ----------- ##

configure:2286: checking for a BSD-compatible install
configure:2354: result: /usr/bin/install -c
configure:2365: checking whether build environment is sane
configure:2415: result: yes
configure:2556: checking for a thread-safe mkdir -p
configure:2595: result: /bin/mkdir -p
configure:2608: checking for gawk
configure:2624: found /usr/bin/gawk
configure:2635: result: gawk
configure:2646: checking whether make sets $(MAKE)
configure:2668: result: yes
configure:2764: checking for style of include used by make
configure:2792: result: GNU
configure:2862: checking for gcc
configure:2878: found /usr/bin/gcc
configure:2889: result: gcc
configure:3118: checking for C compiler version
configure:3127: gcc --version >&5
gcc (Debian 4.6.3-1) 4.6.3
Copyright (C) 2011 Free Software Foundation, Inc.
This is free software; see the source for copying conditions.  There is NO
warranty; not even for MERCHANTABILITY or FITNESS FOR A PARTICULAR PURPOSE.

configure:3138: $? = 0
configure:3127: gcc -v >&5
Using built-in specs.
COLLECT_GCC=gcc
COLLECT_LTO_WRAPPER=/usr/lib/gcc/i486-linux-gnu/4.6/lto-wrapper
Target: i486-linux-gnu
Configured with: ../src/configure -v --with-pkgversion='Debian 4.6.3-1' --with-bugurl=file:///usr/share/doc/gcc-4.6/README.Bugs --enable-languages=c,c++,fortran,objc,obj-c++,go --prefix=/usr --program-suffix=-4.6 --enable-shared --enable-linker-build-id --with-system-zlib --libexecdir=/usr/lib --without-included-gettext --enable-threads=posix --with-gxx-include-dir=/usr/include/c++/4.6 --libdir=/usr/lib --enable-nls --with-sysroot=/ --enable-clocale=gnu --enable-libstdcxx-debug --enable-libstdcxx-time=yes --enable-plugin --enable-objc-gc --enable-targets=all --with-arch-32=i586 --with-tune=generic --enable-checking=release --build=i486-linux-gnu --host=i486-linux-gnu --target=i486-linux-gnu
Thread model: posix
gcc version 4.6.3 (Debian 4.6.3-1) 
configure:3138: $? = 0
configure:3127: gcc -V >&5
gcc: error: unrecognized option '-V'
gcc: fatal error: no input files
compilation terminated.
configure:3138: $? = 4
configure:3127: gcc -qversion >&5
gcc: error: unrecognized option '-qversion'
gcc: fatal error: no input files
compilation terminated.
configure:3138: $? = 4
configure:3158: checking whether the C compiler works
configure:3180: gcc    conftest.c  >&5
configure:3184: $? = 0
configure:3232: result: yes
configure:3235: checking for C compiler default output file name
configure:3237: result: a.out
configure:3243: checking for suffix of executables
configure:3250: gcc -o conftest    conftest.c  >&5
configure:3254: $? = 0
configure:3276: result: 
configure:3298: checking whether we are cross compiling
configure:3306: gcc -o conftest    conftest.c  >&5
configure:3310: $? = 0
configure:3317: ./conftest
configure:3321: $? = 0
configure:3336: result: no
configure:3341: checking for suffix of object files
configure:3363: gcc -c   conftest.c >&5
configure:3367: $? = 0
configure:3388: result: o
configure:3392: checking whether we are using the GNU C compiler
configure:3411: gcc -c   conftest.c >&5
configure:3411: $? = 0
configure:3420: result: yes
configure:3429: checking whether gcc accepts -g
configure:3449: gcc -c -g  conftest.c >&5
configure:3449: $? = 0
configure:3490: result: yes
configure:3507: checking for gcc option to accept ISO C89
configure:3571: gcc  -c -g -O2  conftest.c >&5
configure:3571: $? = 0
configure:3584: result: none needed
configure:3606: checking dependency style of gcc
configure:3716: result: gcc3
configure:3732: checking for library containing strerror
configure:3763: gcc -o conftest -g -O2   conftest.c  >&5
configure:3763: $? = 0
configure:3780: result: none required
configure:3836: checking for gcc
configure:3863: result: gcc
configure:4092: checking for C compiler version
configure:4101: gcc --version >&5
gcc (Debian 4.6.3-1) 4.6.3
Copyright (C) 2011 Free Software Foundation, Inc.
This is free software; see the source for copying conditions.  There is NO
warranty; not even for MERCHANTABILITY or FITNESS FOR A PARTICULAR PURPOSE.

configure:4112: $? = 0
configure:4101: gcc -v >&5
Using built-in specs.
COLLECT_GCC=gcc
COLLECT_LTO_WRAPPER=/usr/lib/gcc/i486-linux-gnu/4.6/lto-wrapper
Target: i486-linux-gnu
Configured with: ../src/configure -v --with-pkgversion='Debian 4.6.3-1' --with-bugurl=file:///usr/share/doc/gcc-4.6/README.Bugs --enable-languages=c,c++,fortran,objc,obj-c++,go --prefix=/usr --program-suffix=-4.6 --enable-shared --enable-linker-build-id --with-system-zlib --libexecdir=/usr/lib --without-included-gettext --enable-threads=posix --with-gxx-include-dir=/usr/include/c++/4.6 --libdir=/usr/lib --enable-nls --with-sysroot=/ --enable-clocale=gnu --enable-libstdcxx-debug --enable-libstdcxx-time=yes --enable-plugin --enable-objc-gc --enable-targets=all --with-arch-32=i586 --with-tune=generic --enable-checking=release --build=i486-linux-gnu --host=i486-linux-gnu --target=i486-linux-gnu
Thread model: posix
gcc version 4.6.3 (Debian 4.6.3-1) 
configure:4112: $? = 0
configure:4101: gcc -V >&5
gcc: error: unrecognized option '-V'
gcc: fatal error: no input files
compilation terminated.
configure:4112: $? = 4
configure:4101: gcc -qversion >&5
gcc: error: unrecognized option '-qversion'
gcc: fatal error: no input files
compilation terminated.
configure:4112: $? = 4
configure:4116: checking whether we are using the GNU C compiler
configure:4144: result: yes
configure:4153: checking whether gcc accepts -g
configure:4214: result: yes
configure:4231: checking for gcc option to accept ISO C89
configure:4308: result: none needed
configure:4330: checking dependency style of gcc
configure:4440: result: gcc3
configure:4503: checking for gcc
configure:4530: result: gcc
configure:4759: checking for C compiler version
configure:4768: gcc --version >&5
gcc (Debian 4.6.3-1) 4.6.3
Copyright (C) 2011 Free Software Foundation, Inc.
This is free software; see the source for copying conditions.  There is NO
warranty; not even for MERCHANTABILITY or FITNESS FOR A PARTICULAR PURPOSE.

configure:4779: $? = 0
configure:4768: gcc -v >&5
Using built-in specs.
COLLECT_GCC=gcc
COLLECT_LTO_WRAPPER=/usr/lib/gcc/i486-linux-gnu/4.6/lto-wrapper
Target: i486-linux-gnu
Configured with: ../src/configure -v --with-pkgversion='Debian 4.6.3-1' --with-bugurl=file:///usr/share/doc/gcc-4.6/README.Bugs --enable-languages=c,c++,fortran,objc,obj-c++,go --prefix=/usr --program-suffix=-4.6 --enable-shared --enable-linker-build-id --with-system-zlib --libexecdir=/usr/lib --without-included-gettext --enable-threads=posix --with-gxx-include-dir=/usr/include/c++/4.6 --libdir=/usr/lib --enable-nls --with-sysroot=/ --enable-clocale=gnu --enable-libstdcxx-debug --enable-libstdcxx-time=yes --enable-plugin --enable-objc-gc --enable-targets=all --with-arch-32=i586 --with-tune=generic --enable-checking=release --build=i486-linux-gnu --host=i486-linux-gnu --target=i486-linux-gnu
Thread model: posix
gcc version 4.6.3 (Debian 4.6.3-1) 
configure:4779: $? = 0
configure:4768: gcc -V >&5
gcc: error: unrecognized option '-V'
gcc: fatal error: no input files
compilation terminated.
configure:4779: $? = 4
configure:4768: gcc -qversion >&5
gcc: error: unrecognized option '-qversion'
gcc: fatal error: no input files
compilation terminated.
configure:4779: $? = 4
configure:4783: checking whether we are using the GNU C compiler
configure:4811: result: yes
configure:4820: checking whether gcc accepts -g
configure:4881: result: yes
configure:4898: checking for gcc option to accept ISO C89
configure:4975: result: none needed
configure:4997: checking dependency style of gcc
configure:5107: result: gcc3
configure:5130: checking how to run the C preprocessor
configure:5161: gcc -E  conftest.c
configure:5161: $? = 0
configure:5175: gcc -E  conftest.c
conftest.c:11:28: fatal error: ac_nonexistent.h: No such file or directory
compilation terminated.
configure:5175: $? = 1
configure: failed program was:
| /* confdefs.h */
| #define PACKAGE_NAME ""
| #define PACKAGE_TARNAME ""
| #define PACKAGE_VERSION ""
| #define PACKAGE_STRING ""
| #define PACKAGE_BUGREPORT ""
| #define PACKAGE_URL ""
| #define PACKAGE "vifm"
| #define VERSION "0.7.2"
| /* end confdefs.h.  */
| #include <ac_nonexistent.h>
configure:5200: result: gcc -E
configure:5220: gcc -E  conftest.c
configure:5220: $? = 0
configure:5234: gcc -E  conftest.c
conftest.c:11:28: fatal error: ac_nonexistent.h: No such file or directory
compilation terminated.
configure:5234: $? = 1
configure: failed program was:
| /* confdefs.h */
| #define PACKAGE_NAME ""
| #define PACKAGE_TARNAME ""
| #define PACKAGE_VERSION ""
| #define PACKAGE_STRING ""
| #define PACKAGE_BUGREPORT ""
| #define PACKAGE_URL ""
| #define PACKAGE "vifm"
| #define VERSION "0.7.2"
| /* end confdefs.h.  */
| #include <ac_nonexistent.h>
configure:5263: checking for grep that handles long lines and -e
configure:5321: result: /bin/grep
configure:5326: checking for egrep
configure:5388: result: /bin/grep -E
configure:5393: checking for ANSI C header files
configure:5413: gcc -c -g -O2  conftest.c >&5
configure:5413: $? = 0
configure:5486: gcc -o conftest -g -O2   conftest.c  >&5
configure:5486: $? = 0
configure:5486: ./conftest
configure:5486: $? = 0
configure:5497: result: yes
configure:5534: checking build system type
configure:5548: result: i686-pc-linux-gnu
configure:5568: checking host system type
configure:5581: result: i686-pc-linux-gnu
configure:5622: checking how to print strings
configure:5649: result: printf
configure:5670: checking for a sed that does not truncate output
configure:5734: result: /bin/sed
configure:5752: checking for fgrep
configure:5814: result: /bin/grep -F
configure:5849: checking for ld used by gcc
configure:5916: result: /usr/bin/ld
configure:5923: checking if the linker (/usr/bin/ld) is GNU ld
configure:5938: result: yes
configure:5950: checking for BSD- or MS-compatible name lister (nm)
configure:5999: result: /usr/bin/nm -B
configure:6129: checking the name lister (/usr/bin/nm -B) interface
configure:6136: gcc -c -g -O2  conftest.c >&5
configure:6139: /usr/bin/nm -B "conftest.o"
configure:6142: output
00000000 B some_variable
configure:6149: result: BSD nm
configure:6152: checking whether ln -s works
configure:6156: result: yes
configure:6164: checking the maximum length of command line arguments
configure:6289: result: 1572864
configure:6306: checking whether the shell understands some XSI constructs
configure:6316: result: yes
configure:6320: checking whether the shell understands "+="
configure:6326: result: yes
configure:6361: checking how to convert i686-pc-linux-gnu file names to i686-pc-linux-gnu format
configure:6401: result: func_convert_file_noop
configure:6408: checking how to convert i686-pc-linux-gnu file names to toolchain format
configure:6428: result: func_convert_file_noop
configure:6435: checking for /usr/bin/ld option to reload object files
configure:6442: result: -r
configure:6516: checking for objdump
configure:6532: found /usr/bin/objdump
configure:6543: result: objdump
configure:6575: checking how to recognize dependent libraries
configure:6777: result: pass_all
configure:6862: checking for dlltool
configure:6892: result: no
configure:6922: checking how to associate runtime and link libraries
configure:6949: result: printf %s\n
configure:7009: checking for ar
configure:7025: found /usr/bin/ar
configure:7036: result: ar
configure:7073: checking for archiver @FILE support
configure:7090: gcc -c -g -O2  conftest.c >&5
configure:7090: $? = 0
configure:7093: ar cru libconftest.a @conftest.lst >&5
configure:7096: $? = 0
configure:7101: ar cru libconftest.a @conftest.lst >&5
ar: conftest.o: No such file or directory
configure:7104: $? = 1
configure:7116: result: @
configure:7174: checking for strip
configure:7190: found /usr/bin/strip
configure:7201: result: strip
configure:7273: checking for ranlib
configure:7289: found /usr/bin/ranlib
configure:7300: result: ranlib
configure:7402: checking command to parse /usr/bin/nm -B output from gcc object
configure:7521: gcc -c -g -O2  conftest.c >&5
configure:7524: $? = 0
configure:7528: /usr/bin/nm -B conftest.o \| sed -n -e 's/^.*[ ]\([ABCDGIRSTW][ABCDGIRSTW]*\)[ ][ ]*\([_A-Za-z][_A-Za-z0-9]*\)$/\1 \2 \2/p' | sed '/ __gnu_lto/d' \> conftest.nm
configure:7531: $? = 0
configure:7597: gcc -o conftest -g -O2   conftest.c conftstm.o >&5
configure:7600: $? = 0
configure:7638: result: ok
configure:7675: checking for sysroot
configure:7705: result: no
configure:7948: checking for mt
configure:7964: found /bin/mt
configure:7975: result: mt
configure:7998: checking if mt is a manifest tool
configure:8004: mt '-?'
configure:8012: result: no
configure:8644: checking for sys/types.h
configure:8644: gcc -c -g -O2  conftest.c >&5
configure:8644: $? = 0
configure:8644: result: yes
configure:8644: checking for sys/stat.h
configure:8644: gcc -c -g -O2  conftest.c >&5
configure:8644: $? = 0
configure:8644: result: yes
configure:8644: checking for stdlib.h
configure:8644: gcc -c -g -O2  conftest.c >&5
configure:8644: $? = 0
configure:8644: result: yes
configure:8644: checking for string.h
configure:8644: gcc -c -g -O2  conftest.c >&5
configure:8644: $? = 0
configure:8644: result: yes
configure:8644: checking for memory.h
configure:8644: gcc -c -g -O2  conftest.c >&5
configure:8644: $? = 0
configure:8644: result: yes
configure:8644: checking for strings.h
configure:8644: gcc -c -g -O2  conftest.c >&5
configure:8644: $? = 0
configure:8644: result: yes
configure:8644: checking for inttypes.h
configure:8644: gcc -c -g -O2  conftest.c >&5
configure:8644: $? = 0
configure:8644: result: yes
configure:8644: checking for stdint.h
configure:8644: gcc -c -g -O2  conftest.c >&5
configure:8644: $? = 0
configure:8644: result: yes
configure:8644: checking for unistd.h
configure:8644: gcc -c -g -O2  conftest.c >&5
configure:8644: $? = 0
configure:8644: result: yes
configure:8658: checking for dlfcn.h
configure:8658: gcc -c -g -O2  conftest.c >&5
configure:8658: $? = 0
configure:8658: result: yes
configure:8845: checking for objdir
configure:8860: result: .libs
configure:9127: checking if gcc supports -fno-rtti -fno-exceptions
configure:9145: gcc -c -g -O2  -fno-rtti -fno-exceptions conftest.c >&5
cc1: warning: command line option '-fno-rtti' is valid for C++/ObjC++ but not for C [enabled by default]
configure:9149: $? = 0
configure:9162: result: no
configure:9472: checking for gcc option to produce PIC
configure:9479: result: -fPIC -DPIC
configure:9487: checking if gcc PIC flag -fPIC -DPIC works
configure:9505: gcc -c -g -O2  -fPIC -DPIC -DPIC conftest.c >&5
configure:9509: $? = 0
configure:9522: result: yes
configure:9551: checking if gcc static flag -static works
configure:9579: result: yes
configure:9594: checking if gcc supports -c -o file.o
configure:9615: gcc -c -g -O2  -o out/conftest2.o conftest.c >&5
configure:9619: $? = 0
configure:9641: result: yes
configure:9649: checking if gcc supports -c -o file.o
configure:9696: result: yes
configure:9729: checking whether the gcc linker (/usr/bin/ld) supports shared libraries
configure:10887: result: yes
configure:10924: checking whether -lc should be explicitly linked in
configure:10932: gcc -c -g -O2  conftest.c >&5
configure:10935: $? = 0
configure:10950: gcc -shared  -fPIC -DPIC conftest.o  -v -Wl,-soname -Wl,conftest -o conftest 2\>\&1 \| /bin/grep  -lc  \>/dev/null 2\>\&1
configure:10953: $? = 0
configure:10967: result: no
configure:11132: checking dynamic linker characteristics
configure:11646: gcc -o conftest -g -O2   -Wl,-rpath -Wl,/foo conftest.c  >&5
configure:11646: $? = 0
configure:11868: result: GNU/Linux ld.so
configure:11975: checking how to hardcode library paths into programs
configure:12000: result: immediate
configure:12540: checking whether stripping libraries is possible
configure:12545: result: yes
configure:12580: checking if libtool supports shared libraries
configure:12582: result: yes
configure:12585: checking whether to build shared libraries
configure:12606: result: yes
configure:12609: checking whether to build static libraries
configure:12613: result: yes
configure:12652: checking limits.h usability
configure:12652: gcc -c -g -O2  conftest.c >&5
configure:12652: $? = 0
configure:12652: result: yes
configure:12652: checking limits.h presence
configure:12652: gcc -E  conftest.c
configure:12652: $? = 0
configure:12652: result: yes
configure:12652: checking for limits.h
configure:12652: result: yes
configure:12652: checking sys/time.h usability
configure:12652: gcc -c -g -O2  conftest.c >&5
configure:12652: $? = 0
configure:12652: result: yes
configure:12652: checking sys/time.h presence
configure:12652: gcc -E  conftest.c
configure:12652: $? = 0
configure:12652: result: yes
configure:12652: checking for sys/time.h
configure:12652: result: yes
configure:12652: checking for unistd.h
configure:12652: result: yes
configure:12652: checking wchar.h usability
configure:12652: gcc -c -g -O2  conftest.c >&5
configure:12652: $? = 0
configure:12652: result: yes
configure:12652: checking wchar.h presence
configure:12652: gcc -E  conftest.c
configure:12652: $? = 0
configure:12652: result: yes
configure:12652: checking for wchar.h
configure:12652: result: yes
configure:12665: checking for getcwd
configure:12665: gcc -o conftest -g -O2   conftest.c  >&5
configure:12665: $? = 0
configure:12665: result: yes
configure:12665: checking for mkdir
configure:12665: gcc -o conftest -g -O2   conftest.c  >&5
configure:12665: $? = 0
configure:12665: result: yes
configure:12665: checking for regcomp
configure:12665: gcc -o conftest -g -O2   conftest.c  >&5
configure:12665: $? = 0
configure:12665: result: yes
configure:12665: checking for strdup
configure:12665: gcc -o conftest -g -O2   conftest.c  >&5
conftest.c:53:6: warning: conflicting types for built-in function 'strdup' [enabled by default]
configure:12665: $? = 0
configure:12665: result: yes
configure:12665: checking for strstr
configure:12665: gcc -o conftest -g -O2   conftest.c  >&5
conftest.c:54:6: warning: conflicting types for built-in function 'strstr' [enabled by default]
configure:12665: $? = 0
configure:12665: result: yes
configure:12681: checking for special C compiler options needed for large files
configure:12726: result: no
configure:12732: checking for _FILE_OFFSET_BITS value needed for large files
configure:12757: gcc -c -g -O2  conftest.c >&5
conftest.c:38:3: warning: left shift count >= width of type [enabled by default]
conftest.c:38:3: warning: left shift count >= width of type [enabled by default]
conftest.c:39:10: warning: left shift count >= width of type [enabled by default]
conftest.c:39:10: warning: left shift count >= width of type [enabled by default]
conftest.c:38:7: error: size of array 'off_t_is_large' is negative
conftest.c:40:9: warning: variably modified 'off_t_is_large' at file scope [enabled by default]
configure:12757: $? = 1
configure: failed program was:
| /* confdefs.h */
| #define PACKAGE_NAME ""
| #define PACKAGE_TARNAME ""
| #define PACKAGE_VERSION ""
| #define PACKAGE_STRING ""
| #define PACKAGE_BUGREPORT ""
| #define PACKAGE_URL ""
| #define PACKAGE "vifm"
| #define VERSION "0.7.2"
| #define STDC_HEADERS 1
| #define HAVE_SYS_TYPES_H 1
| #define HAVE_SYS_STAT_H 1
| #define HAVE_STDLIB_H 1
| #define HAVE_STRING_H 1
| #define HAVE_MEMORY_H 1
| #define HAVE_STRINGS_H 1
| #define HAVE_INTTYPES_H 1
| #define HAVE_STDINT_H 1
| #define HAVE_UNISTD_H 1
| #define HAVE_DLFCN_H 1
| #define LT_OBJDIR ".libs/"
| #define HAVE_LIMITS_H 1
| #define HAVE_SYS_TIME_H 1
| #define HAVE_UNISTD_H 1
| #define HAVE_WCHAR_H 1
| #define HAVE_GETCWD 1
| #define HAVE_MKDIR 1
| #define HAVE_REGCOMP 1
| #define HAVE_STRDUP 1
| #define HAVE_STRSTR 1
| /* end confdefs.h.  */
| #include <sys/types.h>
|  /* Check that off_t can represent 2**63 - 1 correctly.
|     We can't simply define LARGE_OFF_T to be 9223372036854775807,
|     since some C++ compilers masquerading as C compilers
|     incorrectly reject 9223372036854775807.  */
| #define LARGE_OFF_T (((off_t) 1 << 62) - 1 + ((off_t) 1 << 62))
|   int off_t_is_large[(LARGE_OFF_T % 2147483629 == 721
| 		       && LARGE_OFF_T % 2147483647 == 1)
| 		      ? 1 : -1];
| int
| main ()
| {
| 
|   ;
|   return 0;
| }
configure:12781: gcc -c -g -O2  conftest.c >&5
configure:12781: $? = 0
configure:12789: result: 64
configure:12872: checking for _LARGEFILE_SOURCE value needed for large files
configure:12891: gcc -o conftest -g -O2   conftest.c  >&5
configure:12891: $? = 0
configure:12919: result: no
configure:12940: checking for off_t
configure:12940: gcc -c -g -O2  conftest.c >&5
configure:12940: $? = 0
configure:12940: gcc -c -g -O2  conftest.c >&5
conftest.c: In function 'main':
conftest.c:70:20: error: expected expression before ')' token
configure:12940: $? = 1
configure: failed program was:
| /* confdefs.h */
| #define PACKAGE_NAME ""
| #define PACKAGE_TARNAME ""
| #define PACKAGE_VERSION ""
| #define PACKAGE_STRING ""
| #define PACKAGE_BUGREPORT ""
| #define PACKAGE_URL ""
| #define PACKAGE "vifm"
| #define VERSION "0.7.2"
| #define STDC_HEADERS 1
| #define HAVE_SYS_TYPES_H 1
| #define HAVE_SYS_STAT_H 1
| #define HAVE_STDLIB_H 1
| #define HAVE_STRING_H 1
| #define HAVE_MEMORY_H 1
| #define HAVE_STRINGS_H 1
| #define HAVE_INTTYPES_H 1
| #define HAVE_STDINT_H 1
| #define HAVE_UNISTD_H 1
| #define HAVE_DLFCN_H 1
| #define LT_OBJDIR ".libs/"
| #define HAVE_LIMITS_H 1
| #define HAVE_SYS_TIME_H 1
| #define HAVE_UNISTD_H 1
| #define HAVE_WCHAR_H 1
| #define HAVE_GETCWD 1
| #define HAVE_MKDIR 1
| #define HAVE_REGCOMP 1
| #define HAVE_STRDUP 1
| #define HAVE_STRSTR 1
| #define _FILE_OFFSET_BITS 64
| #define HAVE_FSEEKO 1
| /* end confdefs.h.  */
| #include <stdio.h>
| #ifdef HAVE_SYS_TYPES_H
| # include <sys/types.h>
| #endif
| #ifdef HAVE_SYS_STAT_H
| # include <sys/stat.h>
| #endif
| #ifdef STDC_HEADERS
| # include <stdlib.h>
| # include <stddef.h>
| #else
| # ifdef HAVE_STDLIB_H
| #  include <stdlib.h>
| # endif
| #endif
| #ifdef HAVE_STRING_H
| # if !defined STDC_HEADERS && defined HAVE_MEMORY_H
| #  include <memory.h>
| # endif
| # include <string.h>
| #endif
| #ifdef HAVE_STRINGS_H
| # include <strings.h>
| #endif
| #ifdef HAVE_INTTYPES_H
| # include <inttypes.h>
| #endif
| #ifdef HAVE_STDINT_H
| # include <stdint.h>
| #endif
| #ifdef HAVE_UNISTD_H
| # include <unistd.h>
| #endif
| int
| main ()
| {
| if (sizeof ((off_t)))
| 	    return 0;
|   ;
|   return 0;
| }
configure:12940: result: yes
configure:12954: checking for file
configure:12970: found /usr/bin/file
configure:12981: result: 1
configure:13065: checking for initscr in -lncursesw
configure:13090: gcc -o conftest -g -O2 -Wall -D_DARWIN_C_SOURCE -D_FILE_OFFSET_BITS=64  -lpthread  conftest.c -lncursesw   >&5
configure:13090: $? = 0
configure:13099: result: yes
configure:13108: checking ncurses.h usability
configure:13108: gcc -c -g -O2 -Wall -D_DARWIN_C_SOURCE -D_FILE_OFFSET_BITS=64  -I/usr/include/ncursesw conftest.c >&5
configure:13108: $? = 0
configure:13108: result: yes
configure:13108: checking ncurses.h presence
configure:13108: gcc -E  -I/usr/include/ncursesw conftest.c
configure:13108: $? = 0
configure:13108: result: yes
configure:13108: checking for ncurses.h
configure:13108: result: yes
configure:13152: checking for XOpenDisplay in -lX11
configure:13177: gcc -o conftest -g -O2 -Wall -D_DARWIN_C_SOURCE -D_FILE_OFFSET_BITS=64  -I/usr/include/ncursesw -lpthread  conftest.c -lX11   -lncursesw >&5
configure:13177: $? = 0
configure:13186: result: yes
configure:13192: checking X11/Xlib.h usability
configure:13192: gcc -c -g -O2 -Wall -D_DARWIN_C_SOURCE -D_FILE_OFFSET_BITS=64  -I/usr/include/ncursesw conftest.c >&5
configure:13192: $? = 0
configure:13192: result: yes
configure:13192: checking X11/Xlib.h presence
configure:13192: gcc -E  -I/usr/include/ncursesw conftest.c
configure:13192: $? = 0
configure:13192: result: yes
configure:13192: checking for X11/Xlib.h
configure:13192: result: yes
configure:13204: checking X11/Xutil.h usability
configure:13204: gcc -c -g -O2 -Wall -D_DARWIN_C_SOURCE -D_FILE_OFFSET_BITS=64  -I/usr/include/ncursesw conftest.c >&5
configure:13204: $? = 0
configure:13204: result: yes
configure:13204: checking X11/Xutil.h presence
configure:13204: gcc -E  -I/usr/include/ncursesw conftest.c
configure:13204: $? = 0
configure:13204: result: yes
configure:13204: checking for X11/Xutil.h
configure:13204: result: yes
configure:13232: checking for magic_open in -lmagic
configure:13257: gcc -o conftest -g -O2 -Wall -D_DARWIN_C_SOURCE -D_FILE_OFFSET_BITS=64 -pthread -I/usr/include/glib-2.0 -I/usr/lib/i386-linux-gnu/glib-2.0/include -I/usr/include/gtk-2.0 -I/usr/lib/i386-linux-gnu/gtk-2.0/include -I/usr/include/atk-1.0 -I/usr/include/cairo -I/usr/include/gdk-pixbuf-2.0 -I/usr/include/pango-1.0 -I/usr/include/gio-unix-2.0/ -I/usr/include/pixman-1 -I/usr/include/freetype2 -I/usr/include/libpng12    -I/usr/include/ncursesw -lpthread  conftest.c -lmagic   -lncursesw -lX11 -pthread -lgtk-x11-2.0 -lgdk-x11-2.0 -latk-1.0 -lgio-2.0 -lpangoft2-1.0 -lpangocairo-1.0 -lgdk_pixbuf-2.0 -lcairo -lpango-1.0 -lfreetype -lfontconfig -lgobject-2.0 -lgmodule-2.0 -lgthread-2.0 -lrt -lglib-2.0   >&5
/usr/bin/ld: cannot find -lmagic
collect2: ld returned 1 exit status
configure:13257: $? = 1
configure: failed program was:
| /* confdefs.h */
| #define PACKAGE_NAME ""
| #define PACKAGE_TARNAME ""
| #define PACKAGE_VERSION ""
| #define PACKAGE_STRING ""
| #define PACKAGE_BUGREPORT ""
| #define PACKAGE_URL ""
| #define PACKAGE "vifm"
| #define VERSION "0.7.2"
| #define STDC_HEADERS 1
| #define HAVE_SYS_TYPES_H 1
| #define HAVE_SYS_STAT_H 1
| #define HAVE_STDLIB_H 1
| #define HAVE_STRING_H 1
| #define HAVE_MEMORY_H 1
| #define HAVE_STRINGS_H 1
| #define HAVE_INTTYPES_H 1
| #define HAVE_STDINT_H 1
| #define HAVE_UNISTD_H 1
| #define HAVE_DLFCN_H 1
| #define LT_OBJDIR ".libs/"
| #define HAVE_LIMITS_H 1
| #define HAVE_SYS_TIME_H 1
| #define HAVE_UNISTD_H 1
| #define HAVE_WCHAR_H 1
| #define HAVE_GETCWD 1
| #define HAVE_MKDIR 1
| #define HAVE_REGCOMP 1
| #define HAVE_STRDUP 1
| #define HAVE_STRSTR 1
| #define _FILE_OFFSET_BITS 64
| #define HAVE_FSEEKO 1
| #define HAVE_FILE_PROG 1
| #define PACKAGE_DATA_DIR "/usr/local/share/vifm"
| #define PACKAGE_SOURCE_DIR "/home/piotr/Downloads/vifm-0.7.2"
| #define HAVE_NCURSES_H 1
| #define HAVE_X11_XLIB_H 1
| #define HAVE_X11_XUTIL_H 1
| #define HAVE_X11 1
| #define HAVE_LIBGTK 1
| /* end confdefs.h.  */
| 
| /* Override any GCC internal prototype to avoid an error.
|    Use char because int might match the return type of a GCC
|    builtin and then its argument prototype would still apply.  */
| #ifdef __cplusplus
| extern "C"
| #endif
| char magic_open ();
| int
| main ()
| {
| return magic_open ();
|   ;
|   return 0;
| }
configure:13266: result: no
configure:13448: creating ./config.status

## ---------------------- ##
## Running config.status. ##
## ---------------------- ##

This file was extended by config.status, which was
generated by GNU Autoconf 2.68.  Invocation command line was

  CONFIG_FILES    = 
  CONFIG_HEADERS  = 
  CONFIG_LINKS    = 
  CONFIG_COMMANDS = 
  $ ./config.status 

on viroflay

config.status:1113: creating Makefile
config.status:1113: creating src/Makefile
config.status:1113: creating config.h
config.status:1342: executing depfiles commands
config.status:1342: executing libtool commands

## ---------------- ##
## Cache variables. ##
## ---------------- ##

ac_cv_build=i686-pc-linux-gnu
ac_cv_c_compiler_gnu=yes
ac_cv_env_CC_set=
ac_cv_env_CC_value=
ac_cv_env_CFLAGS_set=
ac_cv_env_CFLAGS_value=
ac_cv_env_CPPFLAGS_set=
ac_cv_env_CPPFLAGS_value=
ac_cv_env_CPP_set=
ac_cv_env_CPP_value=
ac_cv_env_LDFLAGS_set=
ac_cv_env_LDFLAGS_value=
ac_cv_env_LIBS_set=
ac_cv_env_LIBS_value=
ac_cv_env_build_alias_set=
ac_cv_env_build_alias_value=
ac_cv_env_host_alias_set=
ac_cv_env_host_alias_value=
ac_cv_env_target_alias_set=
ac_cv_env_target_alias_value=
ac_cv_func_getcwd=yes
ac_cv_func_mkdir=yes
ac_cv_func_regcomp=yes
ac_cv_func_strdup=yes
ac_cv_func_strstr=yes
ac_cv_header_X11_Xlib_h=yes
ac_cv_header_X11_Xutil_h=yes
ac_cv_header_dlfcn_h=yes
ac_cv_header_inttypes_h=yes
ac_cv_header_limits_h=yes
ac_cv_header_memory_h=yes
ac_cv_header_ncurses_h=yes
ac_cv_header_stdc=yes
ac_cv_header_stdint_h=yes
ac_cv_header_stdlib_h=yes
ac_cv_header_string_h=yes
ac_cv_header_strings_h=yes
ac_cv_header_sys_stat_h=yes
ac_cv_header_sys_time_h=yes
ac_cv_header_sys_types_h=yes
ac_cv_header_unistd_h=yes
ac_cv_header_wchar_h=yes
ac_cv_host=i686-pc-linux-gnu
ac_cv_lib_X11_XOpenDisplay=yes
ac_cv_lib_magic_magic_open=no
ac_cv_lib_ncursesw_initscr=yes
ac_cv_objext=o
ac_cv_path_EGREP='/bin/grep -E'
ac_cv_path_FGREP='/bin/grep -F'
ac_cv_path_GREP=/bin/grep
ac_cv_path_SED=/bin/sed
ac_cv_path_install='/usr/bin/install -c'
ac_cv_path_mkdir=/bin/mkdir
ac_cv_prog_AWK=gawk
ac_cv_prog_CPP='gcc -E'
ac_cv_prog_HAVE_FILE_PROG=1
ac_cv_prog_ac_ct_AR=ar
ac_cv_prog_ac_ct_CC=gcc
ac_cv_prog_ac_ct_MANIFEST_TOOL=mt
ac_cv_prog_ac_ct_OBJDUMP=objdump
ac_cv_prog_ac_ct_RANLIB=ranlib
ac_cv_prog_ac_ct_STRIP=strip
ac_cv_prog_cc_c89=
ac_cv_prog_cc_g=yes
ac_cv_prog_make_make_set=yes
ac_cv_search_strerror='none required'
ac_cv_sys_file_offset_bits=64
ac_cv_sys_largefile_CC=no
ac_cv_sys_largefile_source=no
ac_cv_type_off_t=yes
am_cv_CC_dependencies_compiler_type=gcc3
am_cv_prog_cc_stdc=
lt_cv_ar_at_file=@
lt_cv_archive_cmds_need_lc=no
lt_cv_deplibs_check_method=pass_all
lt_cv_file_magic_cmd='$MAGIC_CMD'
lt_cv_file_magic_test_file=
lt_cv_ld_reload_flag=-r
lt_cv_nm_interface='BSD nm'
lt_cv_objdir=.libs
lt_cv_path_LD=/usr/bin/ld
lt_cv_path_NM='/usr/bin/nm -B'
lt_cv_path_mainfest_tool=no
lt_cv_prog_compiler_c_o=yes
lt_cv_prog_compiler_pic='-fPIC -DPIC'
lt_cv_prog_compiler_pic_works=yes
lt_cv_prog_compiler_rtti_exceptions=no
lt_cv_prog_compiler_static_works=yes
lt_cv_prog_gnu_ld=yes
lt_cv_sharedlib_from_linklib_cmd='printf %s\n'
lt_cv_shlibpath_overrides_runpath=no
lt_cv_sys_global_symbol_pipe='sed -n -e '\''s/^.*[	 ]\([ABCDGIRSTW][ABCDGIRSTW]*\)[	 ][	 ]*\([_A-Za-z][_A-Za-z0-9]*\)$/\1 \2 \2/p'\'' | sed '\''/ __gnu_lto/d'\'''
lt_cv_sys_global_symbol_to_c_name_address='sed -n -e '\''s/^: \([^ ]*\)[ ]*$/  {\"\1\", (void *) 0},/p'\'' -e '\''s/^[ABCDGIRSTW]* \([^ ]*\) \([^ ]*\)$/  {"\2", (void *) \&\2},/p'\'''
lt_cv_sys_global_symbol_to_c_name_address_lib_prefix='sed -n -e '\''s/^: \([^ ]*\)[ ]*$/  {\"\1\", (void *) 0},/p'\'' -e '\''s/^[ABCDGIRSTW]* \([^ ]*\) \(lib[^ ]*\)$/  {"\2", (void *) \&\2},/p'\'' -e '\''s/^[ABCDGIRSTW]* \([^ ]*\) \([^ ]*\)$/  {"lib\2", (void *) \&\2},/p'\'''
lt_cv_sys_global_symbol_to_cdecl='sed -n -e '\''s/^T .* \(.*\)$/extern int \1();/p'\'' -e '\''s/^[ABCDGIRSTW]* .* \(.*\)$/extern char \1;/p'\'''
lt_cv_sys_max_cmd_len=1572864
lt_cv_to_host_file_cmd=func_convert_file_noop
lt_cv_to_tool_file_cmd=func_convert_file_noop
vifm_cv_curses=/usr

## ----------------- ##
## Output variables. ##
## ----------------- ##

ACLOCAL='${SHELL} /home/piotr/Downloads/vifm-0.7.2/missing --run aclocal-1.11'
AMDEPBACKSLASH='\'
AMDEP_FALSE='#'
AMDEP_TRUE=''
AMTAR='${SHELL} /home/piotr/Downloads/vifm-0.7.2/missing --run tar'
AR='ar'
AUTOCONF='${SHELL} /home/piotr/Downloads/vifm-0.7.2/missing --run autoconf'
AUTOHEADER='${SHELL} /home/piotr/Downloads/vifm-0.7.2/missing --run autoheader'
AUTOMAKE='${SHELL} /home/piotr/Downloads/vifm-0.7.2/missing --run automake-1.11'
AWK='gawk'
CC='gcc'
CCDEPMODE='depmode=gcc3'
CFLAGS='-g -O2 -Wall -D_DARWIN_C_SOURCE -D_FILE_OFFSET_BITS=64 -pthread -I/usr/include/glib-2.0 -I/usr/lib/i386-linux-gnu/glib-2.0/include -I/usr/include/gtk-2.0 -I/usr/lib/i386-linux-gnu/gtk-2.0/include -I/usr/include/atk-1.0 -I/usr/include/cairo -I/usr/include/gdk-pixbuf-2.0 -I/usr/include/pango-1.0 -I/usr/include/gio-unix-2.0/ -I/usr/include/pixman-1 -I/usr/include/freetype2 -I/usr/include/libpng12  '
CPP='gcc -E'
CPPFLAGS=' -I/usr/include/ncursesw'
CYGPATH_W='echo'
DEFS='-DHAVE_CONFIG_H'
DEPDIR='.deps'
DLLTOOL='false'
DSYMUTIL=''
DUMPBIN=''
ECHO_C=''
ECHO_N='-n'
ECHO_T=''
EGREP='/bin/grep -E'
EXEEXT=''
FGREP='/bin/grep -F'
GREP='/bin/grep'
HAVE_FILE_PROG='1'
INSTALL_DATA='${INSTALL} -m 644'
INSTALL_PROGRAM='${INSTALL}'
INSTALL_SCRIPT='${INSTALL}'
INSTALL_STRIP_PROGRAM='$(install_sh) -c -s'
LD='/usr/bin/ld'
LDFLAGS='-lpthread '
LIBOBJS=''
LIBS=' -lncursesw -lX11 -pthread -lgtk-x11-2.0 -lgdk-x11-2.0 -latk-1.0 -lgio-2.0 -lpangoft2-1.0 -lpangocairo-1.0 -lgdk_pixbuf-2.0 -lcairo -lpango-1.0 -lfreetype -lfontconfig -lgobject-2.0 -lgmodule-2.0 -lgthread-2.0 -lrt -lglib-2.0  '
LIBTOOL='$(SHELL) $(top_builddir)/libtool'
LIPO=''
LN_S='ln -s'
LTLIBOBJS=''
MAKEINFO='${SHELL} /home/piotr/Downloads/vifm-0.7.2/missing --run makeinfo'
MANIFEST_TOOL=':'
MKDIR_P='/bin/mkdir -p'
NM='/usr/bin/nm -B'
NMEDIT=''
OBJDUMP='objdump'
OBJEXT='o'
OTOOL64=''
OTOOL=''
PACKAGE='vifm'
PACKAGE_BUGREPORT=''
PACKAGE_NAME=''
PACKAGE_STRING=''
PACKAGE_TARNAME=''
PACKAGE_URL=''
PACKAGE_VERSION=''
PATH_SEPARATOR=':'
RANLIB='ranlib'
SED='/bin/sed'
SET_MAKE=''
SHELL='/bin/bash'
STRIP='strip'
VERSION='0.7.2'
ac_ct_AR='ar'
ac_ct_CC='gcc'
ac_ct_DUMPBIN=''
am__EXEEXT_FALSE=''
am__EXEEXT_TRUE='#'
am__fastdepCC_FALSE='#'
am__fastdepCC_TRUE=''
am__include='include'
am__isrc=''
am__leading_dot='.'
am__quote=''
am__tar='${AMTAR} chof - "$$tardir"'
am__untar='${AMTAR} xf -'
bindir='${exec_prefix}/bin'
build='i686-pc-linux-gnu'
build_alias=''
build_cpu='i686'
build_os='linux-gnu'
build_vendor='pc'
datadir='${datarootdir}'
datarootdir='${prefix}/share'
docdir='${datarootdir}/doc/${PACKAGE}'
dvidir='${docdir}'
exec_prefix='${prefix}'
host='i686-pc-linux-gnu'
host_alias=''
host_cpu='i686'
host_os='linux-gnu'
host_vendor='pc'
htmldir='${docdir}'
includedir='${prefix}/include'
infodir='${datarootdir}/info'
install_sh='${SHELL} /home/piotr/Downloads/vifm-0.7.2/install-sh'
libdir='${exec_prefix}/lib'
libexecdir='${exec_prefix}/libexec'
localedir='${datarootdir}/locale'
localstatedir='${prefix}/var'
mandir='${datarootdir}/man'
mkdir_p='/bin/mkdir -p'
oldincludedir='/usr/include'
pdfdir='${docdir}'
prefix='/usr/local'
program_transform_name='s,x,x,'
psdir='${docdir}'
sbindir='${exec_prefix}/sbin'
sharedstatedir='${prefix}/com'
sysconfdir='${prefix}/etc'
target_alias=''

## ----------- ##
## confdefs.h. ##
## ----------- ##

/* confdefs.h */
#define PACKAGE_NAME ""
#define PACKAGE_TARNAME ""
#define PACKAGE_VERSION ""
#define PACKAGE_STRING ""
#define PACKAGE_BUGREPORT ""
#define PACKAGE_URL ""
#define PACKAGE "vifm"
#define VERSION "0.7.2"
#define STDC_HEADERS 1
#define HAVE_SYS_TYPES_H 1
#define HAVE_SYS_STAT_H 1
#define HAVE_STDLIB_H 1
#define HAVE_STRING_H 1
#define HAVE_MEMORY_H 1
#define HAVE_STRINGS_H 1
#define HAVE_INTTYPES_H 1
#define HAVE_STDINT_H 1
#define HAVE_UNISTD_H 1
#define HAVE_DLFCN_H 1
#define LT_OBJDIR ".libs/"
#define HAVE_LIMITS_H 1
#define HAVE_SYS_TIME_H 1
#define HAVE_UNISTD_H 1
#define HAVE_WCHAR_H 1
#define HAVE_GETCWD 1
#define HAVE_MKDIR 1
#define HAVE_REGCOMP 1
#define HAVE_STRDUP 1
#define HAVE_STRSTR 1
#define _FILE_OFFSET_BITS 64
#define HAVE_FSEEKO 1
#define HAVE_FILE_PROG 1
#define PACKAGE_DATA_DIR "/usr/local/share/vifm"
#define PACKAGE_SOURCE_DIR "/home/piotr/Downloads/vifm-0.7.2"
#define HAVE_NCURSES_H 1
#define HAVE_X11_XLIB_H 1
#define HAVE_X11_XUTIL_H 1
#define HAVE_X11 1
#define HAVE_LIBGTK 1
#define ENABLE_EXTENDED_KEYS 1
#define ENABLE_COMPATIBILITY_MODE 1

configure: exit 0
