2016-10-06T08:57:47 Checking update-file '/usr/share/kde4/apps/kconf_update/devicepreference.upd' for new updates
2016-10-06T08:57:47 devicepreference.upd: Found new update 'DevicesMovedToPlatformPlugin'
2016-10-06T08:57:48 devicepreference.upd: Running script 'phonon_devicepreference_update'
2016-10-06T08:57:48 devicepreference.upd: Found new update 'DevicesUIDsChanged'
2016-10-06T08:57:48 devicepreference.upd: Running script 'phonon_deviceuids_update'
2016-10-06T08:57:48 Checking update-file '/usr/share/kde4/apps/kconf_update/okular.upd' for new updates
2016-10-06T08:57:48 okular.upd: Found new update 'sep_settings'
2016-10-06T08:57:48 Checking update-file '/usr/share/kde4/apps/kconf_update/ksslcertificatemanager.upd' for new updates
2016-10-06T08:57:48 ksslcertificatemanager.upd: Found new update 'kde4.2'
2016-10-06T08:57:48 ksslcertificatemanager.upd: Running script 'ksslcertificatemanager.upd.sh'
2016-10-06T08:57:48 [Script] rm: cannot remove '/home/piotr/.kde//share/config/ksslcertificatemanager': No such file or directory
2016-10-06T08:57:48 ksslcertificatemanager.upd: !! An error occurred while running 'sh /usr/share/kde4/apps/kconf_update/ksslcertificatemanager.upd.sh'
2016-10-06T08:57:48 Checking update-file '/usr/share/kde4/apps/kconf_update/kioslave.upd' for new updates
2016-10-06T08:57:48 kioslave.upd: Found new update 'kde2.2/r1'
2016-10-06T08:57:48 kioslave.upd: File 'kioslaverc' does not exist or empty, skipping
2016-10-06T08:57:48 kioslave.upd: Skipping update 'kde2.2/r1'
2016-10-06T08:57:48 kioslave.upd: File 'kioslaverc' does not exist or empty, skipping
2016-10-06T08:57:48 kioslave.upd: Found new update 'kde2.2/r2'
2016-10-06T08:57:48 kioslave.upd: File 'kioslaverc' does not exist or empty, skipping
2016-10-06T08:57:48 kioslave.upd: Found new update 'kde2.2/r3'
2016-10-06T08:57:48 kioslave.upd: File 'kioslaverc' does not exist or empty, skipping
2016-10-06T08:57:48 Checking update-file '/usr/share/kde4/apps/kconf_update/kio_help.upd' for new updates
2016-10-06T08:57:48 kio_help.upd: Found new update 'kde3_2'
2016-10-06T08:57:48 kio_help.upd: Running script 'move_kio_help_cache.sh'
2016-10-06T08:57:48 [Script] mv: cannot stat '/home/piotr/.kde/share/apps/kio_help/cache': No such file or directory
2016-10-06T08:57:48 [Script] rmdir: failed to remove '/home/piotr/.kde/share/apps/kio_help': No such file or directory
2016-10-06T08:57:48 Checking update-file '/usr/share/kde4/apps/kconf_update/kded.upd' for new updates
2016-10-06T08:57:48 kded.upd: Found new update 'kde3.0'
2016-10-06T08:57:48 kded.upd: File 'kdedrc' does not exist or empty, skipping
2016-10-06T08:57:48 Checking update-file '/usr/share/kde4/apps/kconf_update/drkonqi-rename-config-section.upd' for new updates
2016-10-06T08:57:48 drkonqi-rename-config-section.upd: Found new update 'kde-4.11'
2016-10-06T08:57:48 drkonqi-rename-config-section.upd: File 'drkonqirc' does not exist or empty, skipping
2016-10-06T08:57:48 Checking update-file '/usr/share/kde4/apps/kconf_update/kuriikwsfilter.upd' for new updates
2016-10-06T08:57:48 kuriikwsfilter.upd: Found new update 'post-kde3.1/cvs'
2016-10-06T08:57:48 kuriikwsfilter.upd: File 'kuriikwsfilterrc' does not exist or empty, skipping
2016-10-06T08:57:48 kuriikwsfilter.upd: Found new update 'pre-kde4.9'
2016-10-06T08:57:48 kuriikwsfilter.upd: File 'kuriikwsfilterrc' does not exist or empty, skipping
2016-10-06T08:57:48 Checking update-file '/usr/share/kde4/apps/kconf_update/kcookiescfg.upd' for new updates
2016-10-06T08:57:48 kcookiescfg.upd: Found new update 'kde2.2/b1'
2016-10-06T08:57:48 kcookiescfg.upd: File 'kcookiejarrc' does not exist or empty, skipping
2016-10-06T08:57:48 kcookiescfg.upd: Found new update 'kde3.1/cvs'
2016-10-06T08:57:48 kcookiescfg.upd: File 'kcookiejarrc' does not exist or empty, skipping
2016-10-06T08:57:48 kcookiescfg.upd: Found new update 'kde4.10/git'
2016-10-06T08:57:48 kcookiescfg.upd: File 'kcookiejarrc' does not exist or empty, skipping
2016-10-06T08:57:48 Checking update-file '/usr/share/kde4/apps/kconf_update/kdeui.upd' for new updates
2016-10-06T08:57:48 kdeui.upd: Found new update 'kde4/migrate_from_kde3_icon_theme'
2016-10-06T08:57:48 kdeui.upd: Running script 'migrate_from_kde3_icon_theme'
2016-10-06T08:57:48 Checking update-file '/usr/share/kde4/apps/kconf_update/kwallet-4.13.upd' for new updates
2016-10-06T08:57:48 kwallet-4.13.upd: Found new update 'kde4.13'
2016-10-06T08:57:48 kwallet-4.13.upd: File 'kwalletrc' does not exist or empty, skipping
